<?xml version="1.0" encoding="UTF-8"?>
<!-- Generated by org.testng.reporters.JUnitReportReporter -->
<testsuite hostname="DESKTOP-62BAIRH" failures="0" tests="2" name="com.testing.GetWitnTesting" time="0.452" errors="0" timestamp="19 Jan 2021 23:32:16 GMT" skipped="0">
  <testcase classname="com.testing.GetWitnTesting" name="ValidationTesting" time="0.395"/>
  <testcase classname="com.testing.GetWitnTesting" name="BasicTesting" time="0.057"/>
</testsuite> <!-- com.testing.GetWitnTesting -->
